[2019-06-21 12:30:13.502] [renderer1] [warning] UNRESPONSIVE extension host, 'ritwickdey.LiveServer' took 64% of 5208.95ms, saved PROFILE here: '/tmp/exthost-8d9461.cpuprofile' [{"id":"gc","total":46984,"percentage":1},{"id":"program","total":801,"percentage":0},{"id":"ritwickdey.LiveServer","total":3326787,"percentage":64},{"id":"self","total":29679,"percentage":1},{"id":"Zignd.html-css-class-completion","total":1799831,"percentage":35}]
[2019-06-21 12:30:33.877] [renderer1] [warning] UNRESPONSIVE extension host, 'christian-kohler.npm-intellisense' took 58% of 6140.675ms, saved PROFILE here: '/tmp/exthost-4c4944.cpuprofile' [{"id":"christian-kohler.npm-intellisense","total":3589303,"percentage":58},{"id":"dbaeumer.jshint","total":1388507,"percentage":23},{"id":"gc","total":154,"percentage":0},{"id":"self","total":1157258,"percentage":19}]
[2019-06-21 12:39:53.167] [renderer1] [error] TypeScript Server Error (3.5.1)
Cannot read property 'emitNode' of undefined
TypeError: Cannot read property 'emitNode' of undefined
    at Object.getStartsOnNewLine (tsserver.js:64087:29)
    at shouldWriteSeparatingLineTerminator (tsserver.js:87425:27)
    at emitNodeList (tsserver.js:87210:29)
    at emitList (tsserver.js:87107:13)
    at Object.writeList (tsserver.js:84550:13)
    at tsserver.js:107985:29
    at Object.mapToDisplayParts (tsserver.js:97521:13)
    at itemInfoForParameters (tsserver.js:107982:41)
    at getSignatureHelpItem (tsserver.js:107948:95)
    at tsserver.js:107921:79
    at Array.map (<anonymous>)
    at createSignatureHelpItems (tsserver.js:107921:36)
    at tsserver.js:107513:23
    at Object.runWithCancellationToken (tsserver.js:31649:28)
    at Object.getSignatureHelpItems (tsserver.js:107511:32)
    at Object.getSignatureHelpItems (tsserver.js:122240:37)
    at Proxy.rest (/home/tanu/.vscode/extensions/bierner.lit-html-1.11.0/node_modules/typescript-template-language-service-decorator/lib/template-language-service-decorator.js:183:24)
    at IOSession.Session.getSignatureHelpItems (tsserver.js:131190:62)
    at Session.handlers.ts.createMapFromTemplate._a.(anonymous function) (tsserver.js:130090:61)
    at tsserver.js:131637:88
    at IOSession.Session.executeWithRequestId (tsserver.js:131628:28)
    at IOSession.Session.executeCommand (tsserver.js:131637:33)
    at IOSession.Session.onMessage (tsserver.js:131659:35)
    at Interface.<anonymous> (tsserver.js:132950:27)
    at Interface.emit (events.js:182:13)
    at Interface._onLine (readline.js:290:10)
    at Interface._normalWrite (readline.js:433:12)
    at Socket.ondata (readline.js:149:10)
    at Socket.emit (events.js:182:13)
    at addChunk (_stream_readable.js:279:12)
    at readableAddChunk (_stream_readable.js:264:11)
    at Socket.Readable.push (_stream_readable.js:219:10)
    at Pipe.onread (net.js:636:20): Error: TypeScript Server Error (3.5.1)
Cannot read property 'emitNode' of undefined
TypeError: Cannot read property 'emitNode' of undefined
    at Object.getStartsOnNewLine (tsserver.js:64087:29)
    at shouldWriteSeparatingLineTerminator (tsserver.js:87425:27)
    at emitNodeList (tsserver.js:87210:29)
    at emitList (tsserver.js:87107:13)
    at Object.writeList (tsserver.js:84550:13)
    at tsserver.js:107985:29
    at Object.mapToDisplayParts (tsserver.js:97521:13)
    at itemInfoForParameters (tsserver.js:107982:41)
    at getSignatureHelpItem (tsserver.js:107948:95)
    at tsserver.js:107921:79
    at Array.map (<anonymous>)
    at createSignatureHelpItems (tsserver.js:107921:36)
    at tsserver.js:107513:23
    at Object.runWithCancellationToken (tsserver.js:31649:28)
    at Object.getSignatureHelpItems (tsserver.js:107511:32)
    at Object.getSignatureHelpItems (tsserver.js:122240:37)
    at Proxy.rest (/home/tanu/.vscode/extensions/bierner.lit-html-1.11.0/node_modules/typescript-template-language-service-decorator/lib/template-language-service-decorator.js:183:24)
    at IOSession.Session.getSignatureHelpItems (tsserver.js:131190:62)
    at Session.handlers.ts.createMapFromTemplate._a.(anonymous function) (tsserver.js:130090:61)
    at tsserver.js:131637:88
    at IOSession.Session.executeWithRequestId (tsserver.js:131628:28)
    at IOSession.Session.executeCommand (tsserver.js:131637:33)
    at IOSession.Session.onMessage (tsserver.js:131659:35)
    at Interface.<anonymous> (tsserver.js:132950:27)
    at Interface.emit (events.js:182:13)
    at Interface._onLine (readline.js:290:10)
    at Interface._normalWrite (readline.js:433:12)
    at Socket.ondata (readline.js:149:10)
    at Socket.emit (events.js:182:13)
    at addChunk (_stream_readable.js:279:12)
    at readableAddChunk (_stream_readable.js:264:11)
    at Socket.Readable.push (_stream_readable.js:219:10)
    at Pipe.onread (net.js:636:20)
    at Function.create (/usr/share/code/resources/app/extensions/typescript-language-features/dist/extension.js:1:197666)
    at v.dispatchResponse (/usr/share/code/resources/app/extensions/typescript-language-features/dist/extension.js:1:203034)
    at v.dispatchMessage (/usr/share/code/resources/app/extensions/typescript-language-features/dist/extension.js:1:201786)
    at constructor._reader.onData.e (/usr/share/code/resources/app/extensions/typescript-language-features/dist/extension.js:1:201142)
    at u.fire (/usr/share/code/resources/app/out/vs/workbench/services/extensions/node/extensionHostProcess.js:47:720)
    at t.Reader.onLengthData (/usr/share/code/resources/app/extensions/typescript-language-features/dist/extension.js:1:206446)
    at Socket.t.Reader.constructor.e.on.e (/usr/share/code/resources/app/extensions/typescript-language-features/dist/extension.js:1:206094)
    at Socket.emit (events.js:182:13)
    at Socket.EventEmitter.emit (domain.js:442:20)
    at addChunk (_stream_readable.js:279:12)
    at readableAddChunk (_stream_readable.js:264:11)
    at Socket.Readable.push (_stream_readable.js:219:10)
    at Pipe.onread (net.js:636:20)
