[2019-06-16 11:10:16.917] [exthost] [info] extension host started
[2019-06-16 11:10:17.230] [exthost] [info] ExtensionService#_doActivateExtension vscode.debug-auto-launch {"startup":true,"activationEvent":"*"}
[2019-06-16 11:10:17.230] [exthost] [info] ExtensionService#loadCommonJSModule /usr/share/code/resources/app/extensions/debug-auto-launch/dist/extension
[2019-06-16 11:10:17.419] [exthost] [info] ExtensionService#_doActivateExtension vscode.emmet {"startup":true,"activationEvent":"*"}
[2019-06-16 11:10:17.419] [exthost] [info] ExtensionService#loadCommonJSModule /usr/share/code/resources/app/extensions/emmet/dist/extension
[2019-06-16 11:10:17.553] [exthost] [info] ExtensionService#_doActivateExtension vscode.git {"startup":true,"activationEvent":"*"}
[2019-06-16 11:10:17.553] [exthost] [info] ExtensionService#loadCommonJSModule /usr/share/code/resources/app/extensions/git/dist/main
[2019-06-16 11:10:18.237] [exthost] [info] ExtensionService#_doActivateExtension vscode.merge-conflict {"startup":true,"activationEvent":"*"}
[2019-06-16 11:10:18.237] [exthost] [info] ExtensionService#loadCommonJSModule /usr/share/code/resources/app/extensions/merge-conflict/dist/extension
[2019-06-16 11:10:18.346] [exthost] [info] ExtensionService#_doActivateExtension christian-kohler.path-intellisense {"startup":true,"activationEvent":"*"}
[2019-06-16 11:10:18.346] [exthost] [info] ExtensionService#loadCommonJSModule /home/tanu/.vscode/extensions/christian-kohler.path-intellisense-1.4.2/out/src/extension
[2019-06-16 11:10:18.459] [exthost] [info] ExtensionService#_doActivateExtension dbaeumer.vscode-eslint {"startup":true,"activationEvent":"*"}
[2019-06-16 11:10:18.459] [exthost] [info] ExtensionService#loadCommonJSModule /home/tanu/.vscode/extensions/dbaeumer.vscode-eslint-1.9.0/client/out/extension
[2019-06-16 11:10:18.670] [exthost] [info] ExtensionService#_doActivateExtension Equinusocio.vsc-material-theme {"startup":true,"activationEvent":"*"}
[2019-06-16 11:10:18.670] [exthost] [info] ExtensionService#loadCommonJSModule /home/tanu/.vscode/extensions/equinusocio.vsc-material-theme-2.9.0/out/src/material.theme.config
[2019-06-16 11:10:18.804] [exthost] [info] ExtensionService#_doActivateExtension formulahendry.terminal {"startup":true,"activationEvent":"*"}
[2019-06-16 11:10:18.804] [exthost] [info] ExtensionService#loadCommonJSModule /home/tanu/.vscode/extensions/formulahendry.terminal-0.0.10/out/src/extension
[2019-06-16 11:10:19.441] [exthost] [info] ExtensionService#_doActivateExtension HookyQR.beautify {"startup":true,"activationEvent":"*"}
[2019-06-16 11:10:19.441] [exthost] [info] ExtensionService#loadCommonJSModule /home/tanu/.vscode/extensions/hookyqr.beautify-1.5.0/extension
[2019-06-16 11:10:20.499] [exthost] [info] ExtensionService#_doActivateExtension PKief.material-icon-theme {"startup":true,"activationEvent":"*"}
[2019-06-16 11:10:20.499] [exthost] [info] ExtensionService#loadCommonJSModule /home/tanu/.vscode/extensions/pkief.material-icon-theme-3.8.0/dist/extension
[2019-06-16 11:10:20.605] [exthost] [info] ExtensionService#_doActivateExtension ritwickdey.LiveServer {"startup":true,"activationEvent":"*"}
[2019-06-16 11:10:20.605] [exthost] [info] ExtensionService#loadCommonJSModule /home/tanu/.vscode/extensions/ritwickdey.liveserver-5.6.1/out/src/extension
[2019-06-16 11:10:34.381] [exthost] [info] ExtensionService#_doActivateExtension Zignd.html-css-class-completion {"startup":true,"activationEvent":"*"}
[2019-06-16 11:10:34.381] [exthost] [info] ExtensionService#loadCommonJSModule /home/tanu/.vscode/extensions/zignd.html-css-class-completion-1.19.0/out/src/extension
[2019-06-16 11:10:42.649] [exthost] [info] eager extensions activated
