[2019-06-16 12:39:06.625] [exthost] [info] extension host started
[2019-06-16 12:39:06.853] [exthost] [info] ExtensionService#_doActivateExtension vscode.configuration-editing {"startup":false,"activationEvent":"onLanguage:json"}
[2019-06-16 12:39:06.853] [exthost] [info] ExtensionService#loadCommonJSModule /usr/share/code/resources/app/extensions/configuration-editing/dist/extension
[2019-06-16 12:39:06.866] [exthost] [info] ExtensionService#_doActivateExtension vscode.extension-editing {"startup":false,"activationEvent":"onLanguage:json"}
[2019-06-16 12:39:06.866] [exthost] [info] ExtensionService#loadCommonJSModule /usr/share/code/resources/app/extensions/extension-editing/dist/extension
[2019-06-16 12:39:06.928] [exthost] [info] ExtensionService#_doActivateExtension vscode.json-language-features {"startup":false,"activationEvent":"onLanguage:json"}
[2019-06-16 12:39:06.928] [exthost] [info] ExtensionService#loadCommonJSModule /usr/share/code/resources/app/extensions/json-language-features/client/dist/jsonMain
[2019-06-16 12:39:07.072] [exthost] [info] ExtensionService#_doActivateExtension vscode.npm {"startup":false,"activationEvent":"onLanguage:json"}
[2019-06-16 12:39:07.072] [exthost] [info] ExtensionService#loadCommonJSModule /usr/share/code/resources/app/extensions/npm/dist/main
[2019-06-16 12:39:07.105] [exthost] [info] ExtensionService#_doActivateExtension eg2.vscode-npm-script {"startup":false,"activationEvent":"onLanguage:json"}
[2019-06-16 12:39:07.105] [exthost] [info] ExtensionService#loadCommonJSModule /home/tanu/.vscode/extensions/eg2.vscode-npm-script-0.3.7/dist/extension
[2019-06-16 12:39:07.115] [exthost] [info] ExtensionService#_doActivateExtension vscode.debug-auto-launch {"startup":true,"activationEvent":"*"}
[2019-06-16 12:39:07.115] [exthost] [info] ExtensionService#loadCommonJSModule /usr/share/code/resources/app/extensions/debug-auto-launch/dist/extension
[2019-06-16 12:39:07.119] [exthost] [info] ExtensionService#_doActivateExtension vscode.emmet {"startup":true,"activationEvent":"*"}
[2019-06-16 12:39:07.119] [exthost] [info] ExtensionService#loadCommonJSModule /usr/share/code/resources/app/extensions/emmet/dist/extension
[2019-06-16 12:39:07.154] [exthost] [info] ExtensionService#_doActivateExtension vscode.git {"startup":true,"activationEvent":"*"}
[2019-06-16 12:39:07.154] [exthost] [info] ExtensionService#loadCommonJSModule /usr/share/code/resources/app/extensions/git/dist/main
[2019-06-16 12:39:07.304] [exthost] [info] ExtensionService#_doActivateExtension vscode.merge-conflict {"startup":true,"activationEvent":"*"}
[2019-06-16 12:39:07.304] [exthost] [info] ExtensionService#loadCommonJSModule /usr/share/code/resources/app/extensions/merge-conflict/dist/extension
[2019-06-16 12:39:07.317] [exthost] [info] ExtensionService#_doActivateExtension christian-kohler.path-intellisense {"startup":true,"activationEvent":"*"}
[2019-06-16 12:39:07.317] [exthost] [info] ExtensionService#loadCommonJSModule /home/tanu/.vscode/extensions/christian-kohler.path-intellisense-1.4.2/out/src/extension
[2019-06-16 12:39:07.333] [exthost] [info] ExtensionService#_doActivateExtension dbaeumer.vscode-eslint {"startup":true,"activationEvent":"*"}
[2019-06-16 12:39:07.333] [exthost] [info] ExtensionService#loadCommonJSModule /home/tanu/.vscode/extensions/dbaeumer.vscode-eslint-1.9.0/client/out/extension
[2019-06-16 12:39:07.415] [exthost] [info] ExtensionService#_doActivateExtension Equinusocio.vsc-material-theme {"startup":true,"activationEvent":"*"}
[2019-06-16 12:39:07.415] [exthost] [info] ExtensionService#loadCommonJSModule /home/tanu/.vscode/extensions/equinusocio.vsc-material-theme-2.9.0/out/src/material.theme.config
[2019-06-16 12:39:07.437] [exthost] [info] ExtensionService#_doActivateExtension formulahendry.terminal {"startup":true,"activationEvent":"*"}
[2019-06-16 12:39:07.437] [exthost] [info] ExtensionService#loadCommonJSModule /home/tanu/.vscode/extensions/formulahendry.terminal-0.0.10/out/src/extension
[2019-06-16 12:39:07.472] [exthost] [info] ExtensionService#_doActivateExtension HookyQR.beautify {"startup":true,"activationEvent":"*"}
[2019-06-16 12:39:07.472] [exthost] [info] ExtensionService#loadCommonJSModule /home/tanu/.vscode/extensions/hookyqr.beautify-1.5.0/extension
[2019-06-16 12:39:07.546] [exthost] [info] ExtensionService#_doActivateExtension PKief.material-icon-theme {"startup":true,"activationEvent":"*"}
[2019-06-16 12:39:07.546] [exthost] [info] ExtensionService#loadCommonJSModule /home/tanu/.vscode/extensions/pkief.material-icon-theme-3.8.0/dist/extension
[2019-06-16 12:39:07.574] [exthost] [info] ExtensionService#_doActivateExtension ritwickdey.LiveServer {"startup":true,"activationEvent":"*"}
[2019-06-16 12:39:07.574] [exthost] [info] ExtensionService#loadCommonJSModule /home/tanu/.vscode/extensions/ritwickdey.liveserver-5.6.1/out/src/extension
[2019-06-16 12:39:07.984] [exthost] [info] ExtensionService#_doActivateExtension Zignd.html-css-class-completion {"startup":true,"activationEvent":"*"}
[2019-06-16 12:39:07.984] [exthost] [info] ExtensionService#loadCommonJSModule /home/tanu/.vscode/extensions/zignd.html-css-class-completion-1.19.0/out/src/extension
[2019-06-16 12:39:08.388] [exthost] [info] eager extensions activated
[2019-06-16 12:39:09.128] [exthost] [info] ExtensionService#_doActivateExtension vscode.typescript-language-features {"startup":false,"activationEvent":"onLanguage:jsonc"}
[2019-06-16 12:39:09.128] [exthost] [info] ExtensionService#loadCommonJSModule /usr/share/code/resources/app/extensions/typescript-language-features/dist/extension
[2019-06-16 12:39:20.045] [exthost] [info] ExtensionService#_doActivateExtension bierner.lit-html {"startup":false,"activationEvent":"onLanguage:javascriptreact"}
[2019-06-16 12:39:20.045] [exthost] [info] ExtensionService#loadCommonJSModule /home/tanu/.vscode/extensions/bierner.lit-html-1.11.0/out/index.js
[2019-06-16 12:39:20.049] [exthost] [info] ExtensionService#_doActivateExtension christian-kohler.npm-intellisense {"startup":false,"activationEvent":"onLanguage:javascriptreact"}
[2019-06-16 12:39:20.049] [exthost] [info] ExtensionService#loadCommonJSModule /home/tanu/.vscode/extensions/christian-kohler.npm-intellisense-1.3.0/out/src/extension
[2019-06-16 12:39:20.101] [exthost] [info] ExtensionService#_doActivateExtension dbaeumer.jshint {"startup":false,"activationEvent":"onLanguage:javascriptreact"}
[2019-06-16 12:39:20.101] [exthost] [info] ExtensionService#loadCommonJSModule /home/tanu/.vscode/extensions/dbaeumer.jshint-0.10.20/jshint/out/extension
[2019-06-16 12:39:20.217] [exthost] [info] ExtensionService#_doActivateExtension ecmel.vscode-html-css {"startup":false,"activationEvent":"onLanguage:javascriptreact"}
[2019-06-16 12:39:20.217] [exthost] [info] ExtensionService#loadCommonJSModule /home/tanu/.vscode/extensions/ecmel.vscode-html-css-0.2.0/out/src/extension
[2019-06-16 12:44:11.836] [exthost] [info] ExtensionService#_doActivateExtension batisteo.vscode-django {"startup":false,"activationEvent":"onLanguage:django-html"}
[2019-06-16 12:44:11.836] [exthost] [info] ExtensionService#loadCommonJSModule /home/tanu/.vscode/extensions/batisteo.vscode-django-0.19.0/out/extension
